{"level":"info","message":"⌛ Building environment","timeElapsed":268,"timestamp":"2024-09-27T20:43:25.964Z"}
{"level":"info","message":"onRequest - WORKSPACE_URI:file:///home/fran/Documents/archivos-facu/2doCuatri2024/prog-con-objetosI/clase-9-clases-y-wollok-game/2024s2-granja-villa-franngo","timestamp":"2024-09-27T20:43:25.986Z"}
{"level":"info","message":"⌛ Building environment","timeElapsed":164,"timestamp":"2024-09-27T20:43:26.154Z"}
{"level":"info","message":"⌛ Building environment","timeElapsed":101,"timestamp":"2024-09-27T20:43:26.260Z"}
{"level":"info","message":"⌛ Building environment","timeElapsed":114,"timestamp":"2024-09-27T20:43:26.386Z"}
{"level":"info","message":"⌛ Building environment","timeElapsed":201,"timestamp":"2024-09-27T20:43:26.589Z"}
{"level":"info","message":"⌛ Validating game.wpgm","timeElapsed":205,"timestamp":"2024-09-27T20:43:26.795Z"}
{"level":"info","message":"⌛ Building environment","timeElapsed":126,"timestamp":"2024-09-27T20:43:26.923Z"}
{"level":"info","message":"⌛ Validating cultivos.wlk","timeElapsed":184,"timestamp":"2024-09-27T20:43:27.113Z"}
{"level":"info","message":"⌛ Validating hector.wlk","timeElapsed":152,"timestamp":"2024-09-27T20:43:27.267Z"}
{"level":"info","message":"⌛ Validating testGranja.wtest","timeElapsed":151,"timestamp":"2024-09-27T20:43:27.419Z"}
{"level":"info","message":"⌛ Validating game.wpgm","timeElapsed":157,"timestamp":"2024-09-27T20:43:27.577Z"}
{"level":"info","message":"⌛ Validating testGranja.wtest","timeElapsed":121,"timestamp":"2024-09-27T20:43:27.887Z"}
{"level":"info","message":"⌛ Building environment","timeElapsed":180,"timestamp":"2024-09-27T20:43:29.175Z"}
{"level":"info","message":"⌛ Validating game.wpgm","timeElapsed":303,"timestamp":"2024-09-27T20:43:29.480Z"}
{"level":"info","message":"⌛ Validating cultivos.wlk","timeElapsed":176,"timestamp":"2024-09-27T20:43:29.657Z"}
{"level":"info","message":"⌛ Validating hector.wlk","timeElapsed":266,"timestamp":"2024-09-27T20:43:29.924Z"}
{"level":"info","message":"⌛ Validating testGranja.wtest","timeElapsed":242,"timestamp":"2024-09-27T20:43:30.167Z"}
{"level":"info","message":"⌛ Building environment","timeElapsed":199,"timestamp":"2024-09-27T20:43:39.380Z"}
{"level":"info","message":"⌛ Building environment","timeElapsed":112,"timestamp":"2024-09-27T20:43:39.493Z"}
{"level":"info","message":"⌛ Validating game.wpgm","timeElapsed":151,"timestamp":"2024-09-27T20:43:39.644Z"}
{"level":"info","message":"⌛ Validating game.wpgm","timeElapsed":160,"timestamp":"2024-09-27T20:43:39.808Z"}
{"level":"info","message":"⌛ Building environment","timeElapsed":248,"timestamp":"2024-09-27T20:43:40.088Z"}
{"level":"info","message":"⌛ Validating game.wpgm","timeElapsed":145,"timestamp":"2024-09-27T20:43:40.240Z"}
