{"level":"info","message":"⌛ Building environment","timeElapsed":204,"timestamp":"2024-10-01T17:51:13.614Z"}
{"level":"info","message":"onRequest - completionItem/resolve","timestamp":"2024-10-01T17:51:13.629Z"}
{"level":"info","message":"⌛ Validating cultivos.wlk","timeElapsed":169,"timestamp":"2024-10-01T17:51:13.884Z"}
{"level":"info","message":"⌛ Validating cultivos.wlk","timeElapsed":156,"timestamp":"2024-10-01T17:51:14.127Z"}
{"level":"info","message":"⌛ Validating cultivos.wlk","timeElapsed":151,"timestamp":"2024-10-01T17:51:14.355Z"}
{"level":"info","message":"⌛ Building environment","timeElapsed":128,"timestamp":"2024-10-01T17:51:14.484Z"}
{"level":"info","message":"onRequest - completionItem/resolve","timestamp":"2024-10-01T17:51:14.485Z"}
{"level":"info","message":"⌛ Validating cultivos.wlk","timeElapsed":147,"timestamp":"2024-10-01T17:51:14.632Z"}
{"level":"info","message":"⌛ Building environment","timeElapsed":106,"timestamp":"2024-10-01T17:51:14.738Z"}
{"level":"info","message":"onRequest - completionItem/resolve","timestamp":"2024-10-01T17:51:14.739Z"}
{"level":"info","message":"⌛ Validating cultivos.wlk","timeElapsed":146,"timestamp":"2024-10-01T17:51:14.894Z"}
{"level":"info","message":"onRequest - completionItem/resolve","timestamp":"2024-10-01T17:51:14.974Z"}
{"level":"info","message":"⌛ Validating cultivos.wlk","timeElapsed":142,"timestamp":"2024-10-01T17:51:15.118Z"}
{"level":"info","message":"⌛ Validating cultivos.wlk","timeElapsed":114,"timestamp":"2024-10-01T17:51:15.237Z"}
{"level":"info","message":"⌛ Building environment","timeElapsed":115,"timestamp":"2024-10-01T17:51:15.353Z"}
{"level":"info","message":"onRequest - completionItem/resolve","timestamp":"2024-10-01T17:51:15.354Z"}
{"level":"info","message":"⌛ Validating cultivos.wlk","timeElapsed":102,"timestamp":"2024-10-01T17:51:15.457Z"}
{"level":"info","message":"⌛ Building environment","timeElapsed":117,"timestamp":"2024-10-01T17:51:15.624Z"}
{"level":"info","message":"⌛ Building environment","timeElapsed":289,"timestamp":"2024-10-01T17:51:15.918Z"}
{"level":"info","message":"⌛ Validating cultivos.wlk","timeElapsed":137,"timestamp":"2024-10-01T17:51:16.056Z"}
{"level":"info","message":"⌛ Building environment","timeElapsed":116,"timestamp":"2024-10-01T17:51:16.173Z"}
{"level":"info","message":"⌛ Validating cultivos.wlk","timeElapsed":118,"timestamp":"2024-10-01T17:51:16.291Z"}
{"level":"info","message":"⌛ Building environment","timeElapsed":119,"timestamp":"2024-10-01T17:51:16.410Z"}
{"level":"info","message":"⌛ Validating cultivos.wlk","timeElapsed":105,"timestamp":"2024-10-01T17:51:16.516Z"}
{"level":"info","message":"⌛ Validating cultivos.wlk","timeElapsed":132,"timestamp":"2024-10-01T17:51:16.652Z"}
{"level":"info","message":"⌛ Building environment","timeElapsed":168,"timestamp":"2024-10-01T17:51:17.215Z"}
{"level":"info","message":"⌛ Validating cultivos.wlk","timeElapsed":166,"timestamp":"2024-10-01T17:51:17.384Z"}
{"level":"info","message":"⌛ Validating cultivos.wlk","timeElapsed":203,"timestamp":"2024-10-01T17:51:17.673Z"}
{"level":"info","message":"⌛ Building environment","timeElapsed":129,"timestamp":"2024-10-01T17:51:20.552Z"}
{"level":"info","message":"⌛ Validating cultivos.wlk","timeElapsed":145,"timestamp":"2024-10-01T17:51:20.698Z"}
{"level":"info","message":"⌛ Validating cultivos.wlk","timeElapsed":150,"timestamp":"2024-10-01T17:51:20.950Z"}
{"level":"info","message":"⌛ Building environment","timeElapsed":178,"timestamp":"2024-10-01T17:51:21.485Z"}
{"level":"info","message":"⌛ Validating cultivos.wlk","timeElapsed":147,"timestamp":"2024-10-01T17:51:21.681Z"}
{"level":"info","message":"onRequest - completionItem/resolve","timestamp":"2024-10-01T17:51:21.682Z"}
{"level":"info","message":"⌛ Building environment","timeElapsed":135,"timestamp":"2024-10-01T17:51:21.818Z"}
{"level":"info","message":"onRequest - completionItem/resolve","timestamp":"2024-10-01T17:51:21.821Z"}
{"level":"info","message":"⌛ Building environment","timeElapsed":238,"timestamp":"2024-10-01T17:51:22.059Z"}
{"level":"info","message":"onRequest - completionItem/resolve","timestamp":"2024-10-01T17:51:22.071Z"}
{"level":"info","message":"⌛ Validating cultivos.wlk","timeElapsed":240,"timestamp":"2024-10-01T17:51:22.312Z"}
{"level":"info","message":"⌛ Building environment","timeElapsed":309,"timestamp":"2024-10-01T17:51:22.622Z"}
{"level":"info","message":"onRequest - completionItem/resolve","timestamp":"2024-10-01T17:51:22.624Z"}
{"level":"info","message":"⌛ Validating cultivos.wlk","timeElapsed":212,"timestamp":"2024-10-01T17:51:22.837Z"}
{"level":"info","message":"⌛ Building environment","timeElapsed":180,"timestamp":"2024-10-01T17:51:23.030Z"}
{"level":"info","message":"onRequest - completionItem/resolve","timestamp":"2024-10-01T17:51:23.030Z"}
{"level":"info","message":"⌛ Validating cultivos.wlk","timeElapsed":228,"timestamp":"2024-10-01T17:51:23.258Z"}
{"level":"info","message":"⌛ Building environment","timeElapsed":165,"timestamp":"2024-10-01T17:51:23.429Z"}
{"level":"info","message":"onRequest - completionItem/resolve","timestamp":"2024-10-01T17:51:23.438Z"}
{"level":"info","message":"⌛ Validating cultivos.wlk","timeElapsed":220,"timestamp":"2024-10-01T17:51:23.658Z"}
{"level":"info","message":"⌛ Building environment","timeElapsed":158,"timestamp":"2024-10-01T17:51:23.823Z"}
{"level":"info","message":"⌛ Validating cultivos.wlk","timeElapsed":213,"timestamp":"2024-10-01T17:51:24.036Z"}
{"level":"info","message":"⌛ Validating cultivos.wlk","timeElapsed":195,"timestamp":"2024-10-01T17:51:24.242Z"}
{"level":"info","message":"⌛ Building environment","timeElapsed":199,"timestamp":"2024-10-01T17:51:24.442Z"}
{"level":"info","message":"⌛ Building environment","timeElapsed":274,"timestamp":"2024-10-01T17:51:24.820Z"}
{"level":"info","message":"⌛ Validating cultivos.wlk","timeElapsed":313,"timestamp":"2024-10-01T17:51:25.133Z"}
{"level":"info","message":"⌛ Building environment","timeElapsed":366,"timestamp":"2024-10-01T17:51:25.500Z"}
{"level":"info","message":"⌛ Building environment","timeElapsed":407,"timestamp":"2024-10-01T17:51:25.910Z"}
{"level":"info","message":"⌛ Validating cultivos.wlk","timeElapsed":294,"timestamp":"2024-10-01T17:51:26.216Z"}
{"level":"info","message":"⌛ Building environment","timeElapsed":147,"timestamp":"2024-10-01T17:51:26.364Z"}
{"level":"info","message":"⌛ Validating cultivos.wlk","timeElapsed":189,"timestamp":"2024-10-01T17:51:26.595Z"}
{"level":"info","message":"⌛ Building environment","timeElapsed":180,"timestamp":"2024-10-01T17:51:26.776Z"}
{"level":"info","message":"⌛ Building environment","timeElapsed":179,"timestamp":"2024-10-01T17:51:26.956Z"}
{"level":"info","message":"⌛ Validating cultivos.wlk","timeElapsed":204,"timestamp":"2024-10-01T17:51:27.171Z"}
{"level":"info","message":"⌛ Validating cultivos.wlk","timeElapsed":203,"timestamp":"2024-10-01T17:51:27.381Z"}
{"level":"info","message":"⌛ Validating cultivos.wlk","timeElapsed":167,"timestamp":"2024-10-01T17:51:27.548Z"}
{"level":"info","message":"⌛ Validating cultivos.wlk","timeElapsed":212,"timestamp":"2024-10-01T17:51:27.760Z"}
{"level":"info","message":"⌛ Building environment","timeElapsed":212,"timestamp":"2024-10-01T17:51:28.234Z"}
{"level":"info","message":"⌛ Building environment","timeElapsed":138,"timestamp":"2024-10-01T17:51:28.383Z"}
{"level":"info","message":"⌛ Validating cultivos.wlk","timeElapsed":156,"timestamp":"2024-10-01T17:51:28.540Z"}
{"level":"info","message":"⌛ Validating cultivos.wlk","timeElapsed":167,"timestamp":"2024-10-01T17:51:28.707Z"}
{"level":"info","message":"⌛ Building environment","timeElapsed":249,"timestamp":"2024-10-01T17:51:29.773Z"}
{"level":"info","message":"⌛ Validating cultivos.wlk","timeElapsed":200,"timestamp":"2024-10-01T17:51:29.975Z"}
{"level":"info","message":"⌛ Building environment","timeElapsed":170,"timestamp":"2024-10-01T17:51:30.154Z"}
{"level":"info","message":"⌛ Building environment","timeElapsed":127,"timestamp":"2024-10-01T17:51:30.320Z"}
{"level":"info","message":"⌛ Validating cultivos.wlk","timeElapsed":215,"timestamp":"2024-10-01T17:51:30.535Z"}
{"level":"info","message":"onRequest - completionItem/resolve","timestamp":"2024-10-01T17:51:30.535Z"}
{"level":"info","message":"⌛ Building environment","timeElapsed":181,"timestamp":"2024-10-01T17:51:30.716Z"}
{"level":"info","message":"onRequest - completionItem/resolve","timestamp":"2024-10-01T17:51:30.717Z"}
{"level":"info","message":"⌛ Validating cultivos.wlk","timeElapsed":196,"timestamp":"2024-10-01T17:51:30.914Z"}
{"level":"info","message":"⌛ Building environment","timeElapsed":138,"timestamp":"2024-10-01T17:51:31.054Z"}
{"level":"info","message":"onRequest - completionItem/resolve","timestamp":"2024-10-01T17:51:31.054Z"}
{"level":"info","message":"⌛ Building environment","timeElapsed":174,"timestamp":"2024-10-01T17:51:31.229Z"}
{"level":"info","message":"onRequest - completionItem/resolve","timestamp":"2024-10-01T17:51:31.229Z"}
{"level":"info","message":"⌛ Building environment","timeElapsed":162,"timestamp":"2024-10-01T17:51:31.392Z"}
{"level":"info","message":"onRequest - completionItem/resolve","timestamp":"2024-10-01T17:51:31.398Z"}
{"level":"info","message":"⌛ Validating cultivos.wlk","timeElapsed":258,"timestamp":"2024-10-01T17:51:31.659Z"}
{"level":"info","message":"⌛ Building environment","timeElapsed":153,"timestamp":"2024-10-01T17:51:31.821Z"}
{"level":"info","message":"onRequest - completionItem/resolve","timestamp":"2024-10-01T17:51:31.833Z"}
{"level":"info","message":"⌛ Validating cultivos.wlk","timeElapsed":345,"timestamp":"2024-10-01T17:51:32.182Z"}
{"level":"info","message":"⌛ Validating cultivos.wlk","timeElapsed":248,"timestamp":"2024-10-01T17:51:32.430Z"}
{"level":"info","message":"⌛ Validating cultivos.wlk","timeElapsed":209,"timestamp":"2024-10-01T17:51:32.649Z"}
{"level":"info","message":"⌛ Building environment","timeElapsed":174,"timestamp":"2024-10-01T17:51:32.824Z"}
{"level":"info","message":"⌛ Building environment","timeElapsed":202,"timestamp":"2024-10-01T17:51:33.029Z"}
{"level":"info","message":"⌛ Validating cultivos.wlk","timeElapsed":218,"timestamp":"2024-10-01T17:51:33.254Z"}
{"level":"info","message":"⌛ Building environment","timeElapsed":161,"timestamp":"2024-10-01T17:51:33.457Z"}
{"level":"info","message":"⌛ Building environment","timeElapsed":210,"timestamp":"2024-10-01T17:51:33.674Z"}
{"level":"info","message":"⌛ Building environment","timeElapsed":124,"timestamp":"2024-10-01T17:51:33.806Z"}
{"level":"info","message":"⌛ Validating cultivos.wlk","timeElapsed":213,"timestamp":"2024-10-01T17:51:34.030Z"}
{"level":"info","message":"⌛ Building environment","timeElapsed":204,"timestamp":"2024-10-01T17:51:34.235Z"}
{"level":"info","message":"⌛ Validating cultivos.wlk","timeElapsed":331,"timestamp":"2024-10-01T17:51:34.569Z"}
{"level":"info","message":"⌛ Building environment","timeElapsed":194,"timestamp":"2024-10-01T17:51:34.765Z"}
{"level":"info","message":"⌛ Building environment","timeElapsed":206,"timestamp":"2024-10-01T17:51:34.974Z"}
{"level":"info","message":"⌛ Validating cultivos.wlk","timeElapsed":297,"timestamp":"2024-10-01T17:51:35.273Z"}
{"level":"info","message":"⌛ Validating cultivos.wlk","timeElapsed":275,"timestamp":"2024-10-01T17:51:35.561Z"}
{"level":"info","message":"⌛ Validating cultivos.wlk","timeElapsed":224,"timestamp":"2024-10-01T17:51:35.785Z"}
{"level":"info","message":"⌛ Building environment","timeElapsed":159,"timestamp":"2024-10-01T17:51:35.945Z"}
{"level":"info","message":"⌛ Building environment","timeElapsed":139,"timestamp":"2024-10-01T17:51:36.125Z"}
{"level":"info","message":"⌛ Validating cultivos.wlk","timeElapsed":248,"timestamp":"2024-10-01T17:51:36.375Z"}
{"level":"info","message":"⌛ Building environment","timeElapsed":148,"timestamp":"2024-10-01T17:51:36.525Z"}
{"level":"info","message":"⌛ Validating cultivos.wlk","timeElapsed":264,"timestamp":"2024-10-01T17:51:36.805Z"}
{"level":"info","message":"⌛ Validating cultivos.wlk","timeElapsed":200,"timestamp":"2024-10-01T17:51:37.005Z"}
{"level":"info","message":"⌛ Validating cultivos.wlk","timeElapsed":219,"timestamp":"2024-10-01T17:51:37.225Z"}
{"level":"info","message":"⌛ Validating cultivos.wlk","timeElapsed":187,"timestamp":"2024-10-01T17:51:37.412Z"}
{"level":"info","message":"⌛ Validating cultivos.wlk","timeElapsed":154,"timestamp":"2024-10-01T17:51:37.567Z"}
{"level":"info","message":"⌛ Building environment","timeElapsed":232,"timestamp":"2024-10-01T17:51:43.241Z"}
{"level":"info","message":"⌛ Validating cultivos.wlk","timeElapsed":161,"timestamp":"2024-10-01T17:51:43.505Z"}
{"level":"info","message":"⌛ Validating cultivos.wlk","timeElapsed":151,"timestamp":"2024-10-01T17:51:43.657Z"}
{"level":"info","message":"⌛ Validating cultivos.wlk","timeElapsed":116,"timestamp":"2024-10-01T17:51:43.861Z"}
{"level":"info","message":"⌛ Building environment","timeElapsed":128,"timestamp":"2024-10-01T17:51:55.240Z"}
{"level":"info","message":"⌛ Validating cultivos.wlk","timeElapsed":148,"timestamp":"2024-10-01T17:51:55.411Z"}
{"level":"info","message":"onRequest - completionItem/resolve","timestamp":"2024-10-01T17:51:55.412Z"}
{"level":"info","message":"⌛ Building environment","timeElapsed":115,"timestamp":"2024-10-01T17:51:55.643Z"}
{"level":"info","message":"⌛ Validating cultivos.wlk","timeElapsed":265,"timestamp":"2024-10-01T17:51:55.910Z"}
{"level":"info","message":"⌛ Building environment","timeElapsed":114,"timestamp":"2024-10-01T17:51:56.121Z"}
{"level":"info","message":"⌛ Building environment","timeElapsed":162,"timestamp":"2024-10-01T17:51:56.351Z"}
{"level":"info","message":"⌛ Building environment","timeElapsed":115,"timestamp":"2024-10-01T17:51:56.468Z"}
{"level":"info","message":"⌛ Validating cultivos.wlk","timeElapsed":108,"timestamp":"2024-10-01T17:51:56.577Z"}
{"level":"info","message":"⌛ Validating cultivos.wlk","timeElapsed":133,"timestamp":"2024-10-01T17:51:56.711Z"}
{"level":"info","message":"⌛ Validating cultivos.wlk","timeElapsed":115,"timestamp":"2024-10-01T17:51:56.827Z"}
{"level":"info","message":"⌛ Building environment","timeElapsed":264,"timestamp":"2024-10-01T17:51:58.123Z"}
{"level":"info","message":"⌛ Validating cultivos.wlk","timeElapsed":127,"timestamp":"2024-10-01T17:51:58.253Z"}
{"level":"info","message":"⌛ Validating cultivos.wlk","timeElapsed":187,"timestamp":"2024-10-01T17:51:58.528Z"}
{"level":"info","message":"⌛ Building environment","timeElapsed":118,"timestamp":"2024-10-01T17:51:58.646Z"}
{"level":"info","message":"⌛ Validating cultivos.wlk","timeElapsed":116,"timestamp":"2024-10-01T17:51:58.764Z"}
{"level":"info","message":"⌛ Building environment","timeElapsed":136,"timestamp":"2024-10-01T17:52:18.006Z"}
{"level":"error","message":"✘ Completions for node failed: Error: [Parameter]{3303b2} at cultivos.wlk:8 exhausted all cases without a match [Parameter]{3303b2} at cultivos.wlk:8 exhausted all cases without a match","stack":"Error: [Parameter]{3303b2} at cultivos.wlk:8 exhausted all cases without a match\n    at /home/fran/.vscode/extensions/uqbar.wollok-lsp-ide-0.3.5/out/server/src/server.js:38:6067\n    at hh (/home/fran/.vscode/extensions/uqbar.wollok-lsp-ide-0.3.5/out/server/src/server.js:2281:42)\n    at /home/fran/.vscode/extensions/uqbar.wollok-lsp-ide-0.3.5/out/server/src/server.js:2281:2700\n    at /home/fran/.vscode/extensions/uqbar.wollok-lsp-ide-0.3.5/out/server/src/server.js:2288:3774\n    at /home/fran/.vscode/extensions/uqbar.wollok-lsp-ide-0.3.5/out/server/src/server.js:37:74872\n    at Fe (/home/fran/.vscode/extensions/uqbar.wollok-lsp-ide-0.3.5/out/server/src/server.js:7:8527)\n    at Pt (/home/fran/.vscode/extensions/uqbar.wollok-lsp-ide-0.3.5/out/server/src/server.js:7:6189)\n    at Gi (/home/fran/.vscode/extensions/uqbar.wollok-lsp-ide-0.3.5/out/server/src/server.js:7:6378)\n    at Immediate._onImmediate (/home/fran/.vscode/extensions/uqbar.wollok-lsp-ide-0.3.5/out/server/src/server.js:7:6142)\n    at process.processImmediate (node:internal/timers:478:21)","timestamp":"2024-10-01T17:52:18.032Z"}
{"level":"info","message":"⌛ Validating cultivos.wlk","timeElapsed":122,"timestamp":"2024-10-01T17:52:18.157Z"}
{"level":"info","message":"onRequest - completionItem/resolve","timestamp":"2024-10-01T17:52:18.157Z"}
{"level":"error","message":"✘ Completions for node failed: Error: [Parameter]{83725f} at cultivos.wlk:8 exhausted all cases without a match [Parameter]{83725f} at cultivos.wlk:8 exhausted all cases without a match","stack":"Error: [Parameter]{83725f} at cultivos.wlk:8 exhausted all cases without a match\n    at /home/fran/.vscode/extensions/uqbar.wollok-lsp-ide-0.3.5/out/server/src/server.js:38:6067\n    at hh (/home/fran/.vscode/extensions/uqbar.wollok-lsp-ide-0.3.5/out/server/src/server.js:2281:42)\n    at /home/fran/.vscode/extensions/uqbar.wollok-lsp-ide-0.3.5/out/server/src/server.js:2281:2700\n    at /home/fran/.vscode/extensions/uqbar.wollok-lsp-ide-0.3.5/out/server/src/server.js:2288:3774\n    at /home/fran/.vscode/extensions/uqbar.wollok-lsp-ide-0.3.5/out/server/src/server.js:37:74872\n    at Fe (/home/fran/.vscode/extensions/uqbar.wollok-lsp-ide-0.3.5/out/server/src/server.js:7:8527)\n    at Pt (/home/fran/.vscode/extensions/uqbar.wollok-lsp-ide-0.3.5/out/server/src/server.js:7:6189)\n    at Gi (/home/fran/.vscode/extensions/uqbar.wollok-lsp-ide-0.3.5/out/server/src/server.js:7:6378)\n    at Immediate._onImmediate (/home/fran/.vscode/extensions/uqbar.wollok-lsp-ide-0.3.5/out/server/src/server.js:7:6142)\n    at process.processImmediate (node:internal/timers:478:21)","timestamp":"2024-10-01T17:52:18.326Z"}
{"level":"info","message":"⌛ Building environment","timeElapsed":131,"timestamp":"2024-10-01T17:52:18.460Z"}
{"level":"info","message":"⌛ Validating cultivos.wlk","timeElapsed":131,"timestamp":"2024-10-01T17:52:18.592Z"}
{"level":"info","message":"⌛ Building environment","timeElapsed":123,"timestamp":"2024-10-01T17:52:18.716Z"}
{"level":"info","message":"⌛ Validating cultivos.wlk","timeElapsed":106,"timestamp":"2024-10-01T17:52:18.824Z"}
{"level":"info","message":"⌛ Validating cultivos.wlk","timeElapsed":129,"timestamp":"2024-10-01T17:52:18.958Z"}
{"level":"info","message":"⌛ Building environment","timeElapsed":161,"timestamp":"2024-10-01T17:52:26.556Z"}
{"level":"error","message":"✘ Completions for node failed: Error: [Parameter]{ed8299} at cultivos.wlk:16 exhausted all cases without a match [Parameter]{ed8299} at cultivos.wlk:16 exhausted all cases without a match","stack":"Error: [Parameter]{ed8299} at cultivos.wlk:16 exhausted all cases without a match\n    at /home/fran/.vscode/extensions/uqbar.wollok-lsp-ide-0.3.5/out/server/src/server.js:38:6067\n    at hh (/home/fran/.vscode/extensions/uqbar.wollok-lsp-ide-0.3.5/out/server/src/server.js:2281:42)\n    at /home/fran/.vscode/extensions/uqbar.wollok-lsp-ide-0.3.5/out/server/src/server.js:2281:2700\n    at /home/fran/.vscode/extensions/uqbar.wollok-lsp-ide-0.3.5/out/server/src/server.js:2288:3774\n    at /home/fran/.vscode/extensions/uqbar.wollok-lsp-ide-0.3.5/out/server/src/server.js:37:74872\n    at Fe (/home/fran/.vscode/extensions/uqbar.wollok-lsp-ide-0.3.5/out/server/src/server.js:7:8527)\n    at Pt (/home/fran/.vscode/extensions/uqbar.wollok-lsp-ide-0.3.5/out/server/src/server.js:7:6189)\n    at Gi (/home/fran/.vscode/extensions/uqbar.wollok-lsp-ide-0.3.5/out/server/src/server.js:7:6378)\n    at Immediate._onImmediate (/home/fran/.vscode/extensions/uqbar.wollok-lsp-ide-0.3.5/out/server/src/server.js:7:6142)\n    at process.processImmediate (node:internal/timers:478:21)","timestamp":"2024-10-01T17:52:26.578Z"}
{"level":"info","message":"⌛ Building environment","timeElapsed":105,"timestamp":"2024-10-01T17:52:26.689Z"}
{"level":"info","message":"⌛ Validating cultivos.wlk","timeElapsed":133,"timestamp":"2024-10-01T17:52:26.823Z"}
{"level":"info","message":"⌛ Validating cultivos.wlk","timeElapsed":117,"timestamp":"2024-10-01T17:52:26.941Z"}
{"level":"info","message":"⌛ Building environment","timeElapsed":163,"timestamp":"2024-10-01T17:52:27.106Z"}
{"level":"error","message":"✘ Completions for node failed: Error: [Parameter]{f12c1a} at cultivos.wlk:16 exhausted all cases without a match [Parameter]{f12c1a} at cultivos.wlk:16 exhausted all cases without a match","stack":"Error: [Parameter]{f12c1a} at cultivos.wlk:16 exhausted all cases without a match\n    at /home/fran/.vscode/extensions/uqbar.wollok-lsp-ide-0.3.5/out/server/src/server.js:38:6067\n    at hh (/home/fran/.vscode/extensions/uqbar.wollok-lsp-ide-0.3.5/out/server/src/server.js:2281:42)\n    at /home/fran/.vscode/extensions/uqbar.wollok-lsp-ide-0.3.5/out/server/src/server.js:2281:2700\n    at /home/fran/.vscode/extensions/uqbar.wollok-lsp-ide-0.3.5/out/server/src/server.js:2288:3774\n    at /home/fran/.vscode/extensions/uqbar.wollok-lsp-ide-0.3.5/out/server/src/server.js:37:74872\n    at Fe (/home/fran/.vscode/extensions/uqbar.wollok-lsp-ide-0.3.5/out/server/src/server.js:7:8527)\n    at Pt (/home/fran/.vscode/extensions/uqbar.wollok-lsp-ide-0.3.5/out/server/src/server.js:7:6189)\n    at Gi (/home/fran/.vscode/extensions/uqbar.wollok-lsp-ide-0.3.5/out/server/src/server.js:7:6378)\n    at Immediate._onImmediate (/home/fran/.vscode/extensions/uqbar.wollok-lsp-ide-0.3.5/out/server/src/server.js:7:6142)\n    at process.processImmediate (node:internal/timers:478:21)","timestamp":"2024-10-01T17:52:27.132Z"}
{"level":"info","message":"⌛ Building environment","timeElapsed":126,"timestamp":"2024-10-01T17:52:27.265Z"}
{"level":"info","message":"⌛ Validating cultivos.wlk","timeElapsed":129,"timestamp":"2024-10-01T17:52:27.394Z"}
{"level":"info","message":"⌛ Validating cultivos.wlk","timeElapsed":146,"timestamp":"2024-10-01T17:52:27.541Z"}
{"level":"info","message":"⌛ Building environment","timeElapsed":119,"timestamp":"2024-10-01T17:52:27.728Z"}
{"level":"info","message":"⌛ Validating cultivos.wlk","timeElapsed":122,"timestamp":"2024-10-01T17:52:27.853Z"}
{"level":"info","message":"⌛ Building environment","timeElapsed":114,"timestamp":"2024-10-01T17:52:27.967Z"}
{"level":"error","message":"✘ Completions for node failed: Error: [Parameter]{f4ccc0} at cultivos.wlk:16 exhausted all cases without a match [Parameter]{f4ccc0} at cultivos.wlk:16 exhausted all cases without a match","stack":"Error: [Parameter]{f4ccc0} at cultivos.wlk:16 exhausted all cases without a match\n    at /home/fran/.vscode/extensions/uqbar.wollok-lsp-ide-0.3.5/out/server/src/server.js:38:6067\n    at hh (/home/fran/.vscode/extensions/uqbar.wollok-lsp-ide-0.3.5/out/server/src/server.js:2281:42)\n    at /home/fran/.vscode/extensions/uqbar.wollok-lsp-ide-0.3.5/out/server/src/server.js:2281:2700\n    at /home/fran/.vscode/extensions/uqbar.wollok-lsp-ide-0.3.5/out/server/src/server.js:2288:3774\n    at /home/fran/.vscode/extensions/uqbar.wollok-lsp-ide-0.3.5/out/server/src/server.js:37:74872\n    at Fe (/home/fran/.vscode/extensions/uqbar.wollok-lsp-ide-0.3.5/out/server/src/server.js:7:8527)\n    at Pt (/home/fran/.vscode/extensions/uqbar.wollok-lsp-ide-0.3.5/out/server/src/server.js:7:6189)\n    at Gi (/home/fran/.vscode/extensions/uqbar.wollok-lsp-ide-0.3.5/out/server/src/server.js:7:6378)\n    at Immediate._onImmediate (/home/fran/.vscode/extensions/uqbar.wollok-lsp-ide-0.3.5/out/server/src/server.js:7:6142)\n    at process.processImmediate (node:internal/timers:478:21)","timestamp":"2024-10-01T17:52:28.004Z"}
{"level":"info","message":"⌛ Validating cultivos.wlk","timeElapsed":131,"timestamp":"2024-10-01T17:52:28.227Z"}
{"level":"error","message":"✘ Completions for node failed: Error: [Parameter]{dbeec1} at cultivos.wlk:16 exhausted all cases without a match [Parameter]{dbeec1} at cultivos.wlk:16 exhausted all cases without a match","stack":"Error: [Parameter]{dbeec1} at cultivos.wlk:16 exhausted all cases without a match\n    at /home/fran/.vscode/extensions/uqbar.wollok-lsp-ide-0.3.5/out/server/src/server.js:38:6067\n    at hh (/home/fran/.vscode/extensions/uqbar.wollok-lsp-ide-0.3.5/out/server/src/server.js:2281:42)\n    at /home/fran/.vscode/extensions/uqbar.wollok-lsp-ide-0.3.5/out/server/src/server.js:2281:2700\n    at /home/fran/.vscode/extensions/uqbar.wollok-lsp-ide-0.3.5/out/server/src/server.js:2288:3774\n    at /home/fran/.vscode/extensions/uqbar.wollok-lsp-ide-0.3.5/out/server/src/server.js:37:74872\n    at Fe (/home/fran/.vscode/extensions/uqbar.wollok-lsp-ide-0.3.5/out/server/src/server.js:7:8527)\n    at Pt (/home/fran/.vscode/extensions/uqbar.wollok-lsp-ide-0.3.5/out/server/src/server.js:7:6189)\n    at Gi (/home/fran/.vscode/extensions/uqbar.wollok-lsp-ide-0.3.5/out/server/src/server.js:7:6378)\n    at Immediate._onImmediate (/home/fran/.vscode/extensions/uqbar.wollok-lsp-ide-0.3.5/out/server/src/server.js:7:6142)\n    at process.processImmediate (node:internal/timers:478:21)","timestamp":"2024-10-01T17:52:28.347Z"}
{"level":"info","message":"⌛ Validating cultivos.wlk","timeElapsed":129,"timestamp":"2024-10-01T17:52:28.479Z"}
{"level":"info","message":"⌛ Validating cultivos.wlk","timeElapsed":120,"timestamp":"2024-10-01T17:52:28.686Z"}
{"level":"info","message":"⌛ Building environment","timeElapsed":210,"timestamp":"2024-10-01T17:52:30.391Z"}
{"level":"info","message":"⌛ Building environment","timeElapsed":120,"timestamp":"2024-10-01T17:52:30.512Z"}
{"level":"info","message":"⌛ Validating cultivos.wlk","timeElapsed":135,"timestamp":"2024-10-01T17:52:30.648Z"}
{"level":"info","message":"⌛ Validating cultivos.wlk","timeElapsed":104,"timestamp":"2024-10-01T17:52:30.847Z"}
{"level":"info","message":"⌛ Building environment","timeElapsed":137,"timestamp":"2024-10-01T17:52:30.984Z"}
{"level":"info","message":"⌛ Validating cultivos.wlk","timeElapsed":106,"timestamp":"2024-10-01T17:52:31.095Z"}
{"level":"info","message":"⌛ Building environment","timeElapsed":122,"timestamp":"2024-10-01T17:52:31.218Z"}
{"level":"info","message":"⌛ Validating cultivos.wlk","timeElapsed":180,"timestamp":"2024-10-01T17:52:31.582Z"}
{"level":"info","message":"⌛ Validating cultivos.wlk","timeElapsed":118,"timestamp":"2024-10-01T17:52:31.705Z"}
{"level":"info","message":"⌛ Building environment","timeElapsed":107,"timestamp":"2024-10-01T17:52:31.812Z"}
{"level":"info","message":"⌛ Validating cultivos.wlk","timeElapsed":128,"timestamp":"2024-10-01T17:52:31.947Z"}
{"level":"error","message":"✘ Completions for node failed: Error: [Parameter]{2af542} at cultivos.wlk:16 exhausted all cases without a match [Parameter]{2af542} at cultivos.wlk:16 exhausted all cases without a match","stack":"Error: [Parameter]{2af542} at cultivos.wlk:16 exhausted all cases without a match\n    at /home/fran/.vscode/extensions/uqbar.wollok-lsp-ide-0.3.5/out/server/src/server.js:38:6067\n    at hh (/home/fran/.vscode/extensions/uqbar.wollok-lsp-ide-0.3.5/out/server/src/server.js:2281:42)\n    at /home/fran/.vscode/extensions/uqbar.wollok-lsp-ide-0.3.5/out/server/src/server.js:2281:2700\n    at /home/fran/.vscode/extensions/uqbar.wollok-lsp-ide-0.3.5/out/server/src/server.js:2288:3774\n    at /home/fran/.vscode/extensions/uqbar.wollok-lsp-ide-0.3.5/out/server/src/server.js:37:74872\n    at Fe (/home/fran/.vscode/extensions/uqbar.wollok-lsp-ide-0.3.5/out/server/src/server.js:7:8527)\n    at Pt (/home/fran/.vscode/extensions/uqbar.wollok-lsp-ide-0.3.5/out/server/src/server.js:7:6189)\n    at Gi (/home/fran/.vscode/extensions/uqbar.wollok-lsp-ide-0.3.5/out/server/src/server.js:7:6378)\n    at Immediate._onImmediate (/home/fran/.vscode/extensions/uqbar.wollok-lsp-ide-0.3.5/out/server/src/server.js:7:6142)\n    at process.processImmediate (node:internal/timers:478:21)","timestamp":"2024-10-01T17:52:32.070Z"}
{"level":"info","message":"⌛ Building environment","timeElapsed":141,"timestamp":"2024-10-01T17:52:32.215Z"}
{"level":"info","message":"⌛ Validating cultivos.wlk","timeElapsed":102,"timestamp":"2024-10-01T17:52:32.318Z"}
{"level":"error","message":"✘ Completions for node failed: Error: [Parameter]{0594d9} at cultivos.wlk:16 exhausted all cases without a match [Parameter]{0594d9} at cultivos.wlk:16 exhausted all cases without a match","stack":"Error: [Parameter]{0594d9} at cultivos.wlk:16 exhausted all cases without a match\n    at /home/fran/.vscode/extensions/uqbar.wollok-lsp-ide-0.3.5/out/server/src/server.js:38:6067\n    at hh (/home/fran/.vscode/extensions/uqbar.wollok-lsp-ide-0.3.5/out/server/src/server.js:2281:42)\n    at /home/fran/.vscode/extensions/uqbar.wollok-lsp-ide-0.3.5/out/server/src/server.js:2281:2700\n    at /home/fran/.vscode/extensions/uqbar.wollok-lsp-ide-0.3.5/out/server/src/server.js:2288:3774\n    at /home/fran/.vscode/extensions/uqbar.wollok-lsp-ide-0.3.5/out/server/src/server.js:37:74872\n    at Fe (/home/fran/.vscode/extensions/uqbar.wollok-lsp-ide-0.3.5/out/server/src/server.js:7:8527)\n    at Pt (/home/fran/.vscode/extensions/uqbar.wollok-lsp-ide-0.3.5/out/server/src/server.js:7:6189)\n    at Gi (/home/fran/.vscode/extensions/uqbar.wollok-lsp-ide-0.3.5/out/server/src/server.js:7:6378)\n    at Immediate._onImmediate (/home/fran/.vscode/extensions/uqbar.wollok-lsp-ide-0.3.5/out/server/src/server.js:7:6142)\n    at process.processImmediate (node:internal/timers:478:21)","timestamp":"2024-10-01T17:52:32.439Z"}
{"level":"info","message":"⌛ Validating cultivos.wlk","timeElapsed":106,"timestamp":"2024-10-01T17:52:32.550Z"}
{"level":"info","message":"⌛ Validating cultivos.wlk","timeElapsed":139,"timestamp":"2024-10-01T17:52:32.773Z"}
{"level":"info","message":"⌛ Validating cultivos.wlk","timeElapsed":152,"timestamp":"2024-10-01T17:52:32.958Z"}
{"level":"info","message":"⌛ Building environment","timeElapsed":197,"timestamp":"2024-10-01T17:52:38.241Z"}
{"level":"error","message":"✘ Completions for node failed: Error: [Parameter]{5e3c9a} at cultivos.wlk:24 exhausted all cases without a match [Parameter]{5e3c9a} at cultivos.wlk:24 exhausted all cases without a match","stack":"Error: [Parameter]{5e3c9a} at cultivos.wlk:24 exhausted all cases without a match\n    at /home/fran/.vscode/extensions/uqbar.wollok-lsp-ide-0.3.5/out/server/src/server.js:38:6067\n    at hh (/home/fran/.vscode/extensions/uqbar.wollok-lsp-ide-0.3.5/out/server/src/server.js:2281:42)\n    at /home/fran/.vscode/extensions/uqbar.wollok-lsp-ide-0.3.5/out/server/src/server.js:2281:2700\n    at /home/fran/.vscode/extensions/uqbar.wollok-lsp-ide-0.3.5/out/server/src/server.js:2288:3774\n    at /home/fran/.vscode/extensions/uqbar.wollok-lsp-ide-0.3.5/out/server/src/server.js:37:74872\n    at Fe (/home/fran/.vscode/extensions/uqbar.wollok-lsp-ide-0.3.5/out/server/src/server.js:7:8527)\n    at Pt (/home/fran/.vscode/extensions/uqbar.wollok-lsp-ide-0.3.5/out/server/src/server.js:7:6189)\n    at Gi (/home/fran/.vscode/extensions/uqbar.wollok-lsp-ide-0.3.5/out/server/src/server.js:7:6378)\n    at Immediate._onImmediate (/home/fran/.vscode/extensions/uqbar.wollok-lsp-ide-0.3.5/out/server/src/server.js:7:6142)\n    at process.processImmediate (node:internal/timers:478:21)","timestamp":"2024-10-01T17:52:38.264Z"}
{"level":"info","message":"⌛ Building environment","timeElapsed":102,"timestamp":"2024-10-01T17:52:38.368Z"}
{"level":"info","message":"⌛ Validating cultivos.wlk","timeElapsed":139,"timestamp":"2024-10-01T17:52:38.508Z"}
{"level":"error","message":"✘ Completions for node failed: Error: [Parameter]{2b343d} at cultivos.wlk:24 exhausted all cases without a match [Parameter]{2b343d} at cultivos.wlk:24 exhausted all cases without a match","stack":"Error: [Parameter]{2b343d} at cultivos.wlk:24 exhausted all cases without a match\n    at /home/fran/.vscode/extensions/uqbar.wollok-lsp-ide-0.3.5/out/server/src/server.js:38:6067\n    at hh (/home/fran/.vscode/extensions/uqbar.wollok-lsp-ide-0.3.5/out/server/src/server.js:2281:42)\n    at /home/fran/.vscode/extensions/uqbar.wollok-lsp-ide-0.3.5/out/server/src/server.js:2281:2700\n    at /home/fran/.vscode/extensions/uqbar.wollok-lsp-ide-0.3.5/out/server/src/server.js:2288:3774\n    at /home/fran/.vscode/extensions/uqbar.wollok-lsp-ide-0.3.5/out/server/src/server.js:37:74872\n    at Fe (/home/fran/.vscode/extensions/uqbar.wollok-lsp-ide-0.3.5/out/server/src/server.js:7:8527)\n    at Pt (/home/fran/.vscode/extensions/uqbar.wollok-lsp-ide-0.3.5/out/server/src/server.js:7:6189)\n    at Gi (/home/fran/.vscode/extensions/uqbar.wollok-lsp-ide-0.3.5/out/server/src/server.js:7:6378)\n    at Immediate._onImmediate (/home/fran/.vscode/extensions/uqbar.wollok-lsp-ide-0.3.5/out/server/src/server.js:7:6142)\n    at process.processImmediate (node:internal/timers:478:21)","timestamp":"2024-10-01T17:52:38.606Z"}
{"level":"info","message":"⌛ Validating cultivos.wlk","timeElapsed":128,"timestamp":"2024-10-01T17:52:38.737Z"}
{"level":"info","message":"⌛ Validating cultivos.wlk","timeElapsed":120,"timestamp":"2024-10-01T17:52:38.950Z"}
{"level":"info","message":"⌛ Validating cultivos.wlk","timeElapsed":109,"timestamp":"2024-10-01T17:52:39.064Z"}
{"level":"info","message":"⌛ Building environment","timeElapsed":188,"timestamp":"2024-10-01T17:52:41.482Z"}
{"level":"info","message":"⌛ Building environment","timeElapsed":111,"timestamp":"2024-10-01T17:52:41.594Z"}
{"level":"info","message":"⌛ Validating cultivos.wlk","timeElapsed":186,"timestamp":"2024-10-01T17:52:41.781Z"}
{"level":"info","message":"⌛ Validating cultivos.wlk","timeElapsed":104,"timestamp":"2024-10-01T17:52:41.886Z"}
{"level":"info","message":"⌛ Building environment","timeElapsed":110,"timestamp":"2024-10-01T17:52:41.996Z"}
{"level":"info","message":"⌛ Validating cultivos.wlk","timeElapsed":105,"timestamp":"2024-10-01T17:52:42.107Z"}
{"level":"info","message":"⌛ Building environment","timeElapsed":178,"timestamp":"2024-10-01T17:53:13.188Z"}
{"level":"info","message":"⌛ Validating cultivos.wlk","timeElapsed":164,"timestamp":"2024-10-01T17:53:13.354Z"}
{"level":"info","message":"⌛ Building environment","timeElapsed":137,"timestamp":"2024-10-01T17:53:13.581Z"}
{"level":"info","message":"⌛ Validating cultivos.wlk","timeElapsed":161,"timestamp":"2024-10-01T17:53:13.743Z"}
{"level":"info","message":"⌛ Validating cultivos.wlk","timeElapsed":127,"timestamp":"2024-10-01T17:53:13.966Z"}
{"level":"info","message":"⌛ Validating cultivos.wlk","timeElapsed":141,"timestamp":"2024-10-01T17:53:14.248Z"}
{"level":"info","message":"⌛ Building environment","timeElapsed":240,"timestamp":"2024-10-01T17:53:16.564Z"}
{"level":"error","message":"✘ Completions for node failed: Error: [Send]{ea458e} at cultivos.wlk:9 exhausted all cases without a match [Send]{ea458e} at cultivos.wlk:9 exhausted all cases without a match","stack":"Error: [Send]{ea458e} at cultivos.wlk:9 exhausted all cases without a match\n    at /home/fran/.vscode/extensions/uqbar.wollok-lsp-ide-0.3.5/out/server/src/server.js:38:6067\n    at hh (/home/fran/.vscode/extensions/uqbar.wollok-lsp-ide-0.3.5/out/server/src/server.js:2281:42)\n    at vh (/home/fran/.vscode/extensions/uqbar.wollok-lsp-ide-0.3.5/out/server/src/server.js:2281:1004)\n    at F5n (/home/fran/.vscode/extensions/uqbar.wollok-lsp-ide-0.3.5/out/server/src/server.js:2281:1160)\n    at /home/fran/.vscode/extensions/uqbar.wollok-lsp-ide-0.3.5/out/server/src/server.js:38:6056\n    at hh (/home/fran/.vscode/extensions/uqbar.wollok-lsp-ide-0.3.5/out/server/src/server.js:2281:42)\n    at /home/fran/.vscode/extensions/uqbar.wollok-lsp-ide-0.3.5/out/server/src/server.js:2281:2700\n    at /home/fran/.vscode/extensions/uqbar.wollok-lsp-ide-0.3.5/out/server/src/server.js:2288:3774\n    at /home/fran/.vscode/extensions/uqbar.wollok-lsp-ide-0.3.5/out/server/src/server.js:37:74872\n    at Fe (/home/fran/.vscode/extensions/uqbar.wollok-lsp-ide-0.3.5/out/server/src/server.js:7:8527)","timestamp":"2024-10-01T17:53:16.630Z"}
{"level":"info","message":"⌛ Building environment","timeElapsed":148,"timestamp":"2024-10-01T17:53:16.781Z"}
{"level":"info","message":"⌛ Validating cultivos.wlk","timeElapsed":139,"timestamp":"2024-10-01T17:53:16.920Z"}
{"level":"info","message":"onRequest - completionItem/resolve","timestamp":"2024-10-01T17:53:16.920Z"}
{"level":"info","message":"⌛ Building environment","timeElapsed":125,"timestamp":"2024-10-01T17:53:17.046Z"}
{"level":"info","message":"onRequest - completionItem/resolve","timestamp":"2024-10-01T17:53:17.047Z"}
{"level":"info","message":"⌛ Validating cultivos.wlk","timeElapsed":145,"timestamp":"2024-10-01T17:53:17.192Z"}
{"level":"info","message":"⌛ Building environment","timeElapsed":123,"timestamp":"2024-10-01T17:53:17.315Z"}
{"level":"info","message":"onRequest - completionItem/resolve","timestamp":"2024-10-01T17:53:17.316Z"}
{"level":"info","message":"⌛ Validating cultivos.wlk","timeElapsed":103,"timestamp":"2024-10-01T17:53:17.419Z"}
{"level":"info","message":"⌛ Validating cultivos.wlk","timeElapsed":125,"timestamp":"2024-10-01T17:53:17.550Z"}
{"level":"info","message":"⌛ Building environment","timeElapsed":114,"timestamp":"2024-10-01T17:53:36.456Z"}
{"level":"info","message":"⌛ Validating cultivos.wlk","timeElapsed":148,"timestamp":"2024-10-01T17:53:36.606Z"}
{"level":"info","message":"⌛ Building environment","timeElapsed":229,"timestamp":"2024-10-01T17:53:38.710Z"}
{"level":"info","message":"⌛ Validating cultivos.wlk","timeElapsed":141,"timestamp":"2024-10-01T17:53:38.853Z"}
{"level":"info","message":"⌛ Building environment","timeElapsed":124,"timestamp":"2024-10-01T17:53:39.192Z"}
{"level":"info","message":"⌛ Building environment","timeElapsed":131,"timestamp":"2024-10-01T17:53:39.348Z"}
{"level":"info","message":"⌛ Validating cultivos.wlk","timeElapsed":104,"timestamp":"2024-10-01T17:53:39.454Z"}
{"level":"info","message":"onRequest - completionItem/resolve","timestamp":"2024-10-01T17:53:39.454Z"}
{"level":"info","message":"⌛ Building environment","timeElapsed":107,"timestamp":"2024-10-01T17:53:39.561Z"}
{"level":"info","message":"onRequest - completionItem/resolve","timestamp":"2024-10-01T17:53:39.562Z"}
{"level":"info","message":"⌛ Validating cultivos.wlk","timeElapsed":170,"timestamp":"2024-10-01T17:53:39.732Z"}
{"level":"info","message":"⌛ Validating cultivos.wlk","timeElapsed":143,"timestamp":"2024-10-01T17:53:39.880Z"}
{"level":"info","message":"onRequest - completionItem/resolve","timestamp":"2024-10-01T17:53:39.960Z"}
{"level":"info","message":"⌛ Validating cultivos.wlk","timeElapsed":132,"timestamp":"2024-10-01T17:53:40.093Z"}
{"level":"info","message":"⌛ Building environment","timeElapsed":142,"timestamp":"2024-10-01T17:53:40.477Z"}
{"level":"info","message":"⌛ Validating cultivos.wlk","timeElapsed":120,"timestamp":"2024-10-01T17:53:40.647Z"}
{"level":"info","message":"onRequest - completionItem/resolve","timestamp":"2024-10-01T17:53:40.647Z"}
{"level":"info","message":"⌛ Building environment","timeElapsed":210,"timestamp":"2024-10-01T17:53:42.589Z"}
{"level":"info","message":"onRequest - completionItem/resolve","timestamp":"2024-10-01T17:53:42.590Z"}
{"level":"info","message":"⌛ Validating cultivos.wlk","timeElapsed":139,"timestamp":"2024-10-01T17:53:42.730Z"}
{"level":"info","message":"⌛ Building environment","timeElapsed":101,"timestamp":"2024-10-01T17:53:42.833Z"}
{"level":"info","message":"onRequest - completionItem/resolve","timestamp":"2024-10-01T17:53:42.842Z"}
{"level":"info","message":"⌛ Validating cultivos.wlk","timeElapsed":143,"timestamp":"2024-10-01T17:53:42.990Z"}
{"level":"info","message":"⌛ Building environment","timeElapsed":110,"timestamp":"2024-10-01T17:53:43.105Z"}
{"level":"info","message":"onRequest - completionItem/resolve","timestamp":"2024-10-01T17:53:43.106Z"}
{"level":"info","message":"onRequest - completionItem/resolve","timestamp":"2024-10-01T17:53:43.204Z"}
{"level":"info","message":"⌛ Validating cultivos.wlk","timeElapsed":136,"timestamp":"2024-10-01T17:53:43.340Z"}
{"level":"info","message":"⌛ Validating cultivos.wlk","timeElapsed":116,"timestamp":"2024-10-01T17:53:43.655Z"}
{"level":"info","message":"⌛ Validating cultivos.wlk","timeElapsed":146,"timestamp":"2024-10-01T17:53:43.802Z"}
{"level":"info","message":"⌛ Validating cultivos.wlk","timeElapsed":109,"timestamp":"2024-10-01T17:53:44.010Z"}
{"level":"info","message":"⌛ Building environment","timeElapsed":188,"timestamp":"2024-10-01T17:53:44.363Z"}
{"level":"info","message":"⌛ Validating cultivos.wlk","timeElapsed":123,"timestamp":"2024-10-01T17:53:44.489Z"}
{"level":"info","message":"⌛ Building environment","timeElapsed":126,"timestamp":"2024-10-01T17:53:44.623Z"}
{"level":"info","message":"⌛ Validating cultivos.wlk","timeElapsed":146,"timestamp":"2024-10-01T17:53:44.771Z"}
{"level":"info","message":"⌛ Building environment","timeElapsed":157,"timestamp":"2024-10-01T17:53:44.928Z"}
{"level":"info","message":"⌛ Building environment","timeElapsed":152,"timestamp":"2024-10-01T17:53:45.124Z"}
{"level":"info","message":"⌛ Validating cultivos.wlk","timeElapsed":306,"timestamp":"2024-10-01T17:53:45.430Z"}
{"level":"info","message":"⌛ Building environment","timeElapsed":204,"timestamp":"2024-10-01T17:53:45.634Z"}
{"level":"info","message":"onRequest - completionItem/resolve","timestamp":"2024-10-01T17:53:45.635Z"}
{"level":"info","message":"⌛ Validating cultivos.wlk","timeElapsed":183,"timestamp":"2024-10-01T17:53:45.818Z"}
{"level":"info","message":"onRequest - completionItem/resolve","timestamp":"2024-10-01T17:53:45.908Z"}
{"level":"info","message":"onRequest - completionItem/resolve","timestamp":"2024-10-01T17:53:46.005Z"}
{"level":"info","message":"⌛ Building environment","timeElapsed":105,"timestamp":"2024-10-01T17:53:46.119Z"}
{"level":"info","message":"onRequest - completionItem/resolve","timestamp":"2024-10-01T17:53:46.119Z"}
{"level":"info","message":"⌛ Validating cultivos.wlk","timeElapsed":122,"timestamp":"2024-10-01T17:53:46.241Z"}
{"level":"info","message":"⌛ Validating cultivos.wlk","timeElapsed":156,"timestamp":"2024-10-01T17:53:46.402Z"}
{"level":"info","message":"⌛ Validating cultivos.wlk","timeElapsed":187,"timestamp":"2024-10-01T17:53:46.590Z"}
{"level":"info","message":"⌛ Validating cultivos.wlk","timeElapsed":145,"timestamp":"2024-10-01T17:53:46.735Z"}
{"level":"info","message":"⌛ Validating cultivos.wlk","timeElapsed":120,"timestamp":"2024-10-01T17:53:49.528Z"}
{"level":"info","message":"⌛ Building environment","timeElapsed":137,"timestamp":"2024-10-01T17:53:49.671Z"}
{"level":"info","message":"⌛ Validating cultivos.wlk","timeElapsed":155,"timestamp":"2024-10-01T17:53:49.839Z"}
{"level":"info","message":"⌛ Building environment","timeElapsed":222,"timestamp":"2024-10-01T17:53:50.138Z"}
{"level":"info","message":"⌛ Validating cultivos.wlk","timeElapsed":160,"timestamp":"2024-10-01T17:53:50.299Z"}
{"level":"info","message":"⌛ Building environment","timeElapsed":108,"timestamp":"2024-10-01T17:53:50.476Z"}
{"level":"info","message":"⌛ Validating cultivos.wlk","timeElapsed":175,"timestamp":"2024-10-01T17:53:50.652Z"}
{"level":"error","message":"✘ Failed to get type description: Error: Failed to print, found malformed node Failed to print, found malformed node","node":{"id":"e6464e9d-6149-4382-a130-49427e884f8c","metadata":[],"problems":[{"code":"malformedSentence","sourceMap":{"end":{"column":0,"line":19,"offset":238},"start":{"column":14,"line":18,"offset":230}}}],"scope":{"containerScope":{"containerScope":{"containerScope":{"containerScope":{"contributions":{},"includedScopes":[]},"contributions":{},"includedScopes":[{"contributions":{},"includedScopes":[]}]},"contributions":{},"includedScopes":[{"containerScope":{"containerScope":{"containerScope":{"contributions":{},"includedScopes":[]},"contributions":{},"includedScopes":[]},"contributions":{},"includedScopes":[]},"contributions":{},"includedScopes":[]}]},"contributions":{},"includedScopes":[]},"contributions":{},"includedScopes":[]},"sentences":[{"id":"ce34631d-678c-4939-925f-39376c76da8c","metadata":[],"name":"maiz.etapa","scope":{"containerScope":{"containerScope":{"containerScope":{"containerScope":{"containerScope":{"contributions":{},"includedScopes":[]},"contributions":{},"includedScopes":[{"contributions":{},"includedScopes":[]}]},"contributions":{},"includedScopes":[{"containerScope":{"containerScope":{"containerScope":{"contributions":{},"includedScopes":[]},"contributions":{},"includedScopes":[]},"contributions":{},"includedScopes":[]},"contributions":{},"includedScopes":[]}]},"contributions":{},"includedScopes":[]},"contributions":{},"includedScopes":[]},"contributions":{},"includedScopes":[]},"sourceMap":{"end":{"column":13,"line":18,"offset":229},"start":{"column":3,"line":18,"offset":219}}}],"sourceMap":{"end":{"column":3,"line":19,"offset":241},"start":{"column":25,"line":16,"offset":214}}},"stack":"Error: Failed to print, found malformed node\n    at /home/fran/.vscode/extensions/uqbar.wollok-lsp-ide-0.3.5/out/server/src/server.js:68:3533\n    at /home/fran/.vscode/extensions/uqbar.wollok-lsp-ide-0.3.5/out/server/src/server.js:68:5372\n    at /home/fran/.vscode/extensions/uqbar.wollok-lsp-ide-0.3.5/out/server/src/server.js:38:6056\n    at /home/fran/.vscode/extensions/uqbar.wollok-lsp-ide-0.3.5/out/server/src/server.js:68:3612\n    at iln (/home/fran/.vscode/extensions/uqbar.wollok-lsp-ide-0.3.5/out/server/src/server.js:68:3344)\n    at /home/fran/.vscode/extensions/uqbar.wollok-lsp-ide-0.3.5/out/server/src/server.js:2275:847\n    at /home/fran/.vscode/extensions/uqbar.wollok-lsp-ide-0.3.5/out/server/src/server.js:2288:3774\n    at /home/fran/.vscode/extensions/uqbar.wollok-lsp-ide-0.3.5/out/server/src/server.js:37:74770\n    at Fe (/home/fran/.vscode/extensions/uqbar.wollok-lsp-ide-0.3.5/out/server/src/server.js:7:8527)\n    at Pt (/home/fran/.vscode/extensions/uqbar.wollok-lsp-ide-0.3.5/out/server/src/server.js:7:6189)","timestamp":"2024-10-01T17:53:52.751Z"}
{"level":"info","message":"⌛ Validating cultivos.wlk","timeElapsed":130,"timestamp":"2024-10-01T17:54:02.574Z"}
{"level":"info","message":"⌛ Building environment","timeElapsed":151,"timestamp":"2024-10-01T17:54:07.003Z"}
{"level":"info","message":"⌛ Validating cultivos.wlk","timeElapsed":154,"timestamp":"2024-10-01T17:54:07.163Z"}
{"level":"error","message":"✘ Failed to get type description: Error: Failed to print, found malformed node Failed to print, found malformed node","node":{"id":"36d595c0-9a7c-4767-9359-f61868db3a0a","metadata":[],"problems":[{"code":"malformedSentence","sourceMap":{"end":{"column":0,"line":19,"offset":238},"start":{"column":14,"line":18,"offset":230}}}],"scope":{"containerScope":{"containerScope":{"containerScope":{"containerScope":{"contributions":{},"includedScopes":[]},"contributions":{},"includedScopes":[{"contributions":{},"includedScopes":[]}]},"contributions":{},"includedScopes":[{"containerScope":{"containerScope":{"containerScope":{"contributions":{},"includedScopes":[]},"contributions":{},"includedScopes":[]},"contributions":{},"includedScopes":[]},"contributions":{},"includedScopes":[]}]},"contributions":{},"includedScopes":[]},"contributions":{},"includedScopes":[]},"sentences":[{"id":"759c0e4e-c6c6-446d-978d-8f44916cc21c","metadata":[],"name":"maiz.etapa","scope":{"containerScope":{"containerScope":{"containerScope":{"containerScope":{"containerScope":{"contributions":{},"includedScopes":[]},"contributions":{},"includedScopes":[{"contributions":{},"includedScopes":[]}]},"contributions":{},"includedScopes":[{"containerScope":{"containerScope":{"containerScope":{"contributions":{},"includedScopes":[]},"contributions":{},"includedScopes":[]},"contributions":{},"includedScopes":[]},"contributions":{},"includedScopes":[]}]},"contributions":{},"includedScopes":[]},"contributions":{},"includedScopes":[]},"contributions":{},"includedScopes":[]},"sourceMap":{"end":{"column":13,"line":18,"offset":229},"start":{"column":3,"line":18,"offset":219}}}],"sourceMap":{"end":{"column":3,"line":19,"offset":241},"start":{"column":25,"line":16,"offset":214}}},"stack":"Error: Failed to print, found malformed node\n    at /home/fran/.vscode/extensions/uqbar.wollok-lsp-ide-0.3.5/out/server/src/server.js:68:3533\n    at /home/fran/.vscode/extensions/uqbar.wollok-lsp-ide-0.3.5/out/server/src/server.js:68:5372\n    at /home/fran/.vscode/extensions/uqbar.wollok-lsp-ide-0.3.5/out/server/src/server.js:38:6056\n    at /home/fran/.vscode/extensions/uqbar.wollok-lsp-ide-0.3.5/out/server/src/server.js:68:3612\n    at iln (/home/fran/.vscode/extensions/uqbar.wollok-lsp-ide-0.3.5/out/server/src/server.js:68:3344)\n    at /home/fran/.vscode/extensions/uqbar.wollok-lsp-ide-0.3.5/out/server/src/server.js:2275:847\n    at /home/fran/.vscode/extensions/uqbar.wollok-lsp-ide-0.3.5/out/server/src/server.js:2288:3774\n    at /home/fran/.vscode/extensions/uqbar.wollok-lsp-ide-0.3.5/out/server/src/server.js:37:74770\n    at Fe (/home/fran/.vscode/extensions/uqbar.wollok-lsp-ide-0.3.5/out/server/src/server.js:7:8527)\n    at Pt (/home/fran/.vscode/extensions/uqbar.wollok-lsp-ide-0.3.5/out/server/src/server.js:7:6189)","timestamp":"2024-10-01T17:54:19.020Z"}
{"level":"info","message":"⌛ Building environment","timeElapsed":293,"timestamp":"2024-10-01T17:54:28.470Z"}
{"level":"error","message":"✘ Completions for node failed: Error: cultivos.Maiz.petapa [Field]{ae44a1} at cultivos.wlk:5 exhausted all cases without a match cultivos.Maiz.petapa [Field]{ae44a1} at cultivos.wlk:5 exhausted all cases without a match","stack":"Error: cultivos.Maiz.petapa [Field]{ae44a1} at cultivos.wlk:5 exhausted all cases without a match\n    at /home/fran/.vscode/extensions/uqbar.wollok-lsp-ide-0.3.5/out/server/src/server.js:38:6067\n    at hh (/home/fran/.vscode/extensions/uqbar.wollok-lsp-ide-0.3.5/out/server/src/server.js:2281:42)\n    at /home/fran/.vscode/extensions/uqbar.wollok-lsp-ide-0.3.5/out/server/src/server.js:2281:2700\n    at /home/fran/.vscode/extensions/uqbar.wollok-lsp-ide-0.3.5/out/server/src/server.js:2288:3774\n    at /home/fran/.vscode/extensions/uqbar.wollok-lsp-ide-0.3.5/out/server/src/server.js:37:74872\n    at Fe (/home/fran/.vscode/extensions/uqbar.wollok-lsp-ide-0.3.5/out/server/src/server.js:7:8527)\n    at Pt (/home/fran/.vscode/extensions/uqbar.wollok-lsp-ide-0.3.5/out/server/src/server.js:7:6189)\n    at Gi (/home/fran/.vscode/extensions/uqbar.wollok-lsp-ide-0.3.5/out/server/src/server.js:7:6378)\n    at Immediate._onImmediate (/home/fran/.vscode/extensions/uqbar.wollok-lsp-ide-0.3.5/out/server/src/server.js:7:6142)\n    at process.processImmediate (node:internal/timers:478:21)","timestamp":"2024-10-01T17:54:28.498Z"}
{"level":"info","message":"⌛ Building environment","timeElapsed":117,"timestamp":"2024-10-01T17:54:28.616Z"}
{"level":"info","message":"⌛ Building environment","timeElapsed":169,"timestamp":"2024-10-01T17:54:28.787Z"}
{"level":"info","message":"⌛ Validating cultivos.wlk","timeElapsed":158,"timestamp":"2024-10-01T17:54:28.946Z"}
{"level":"info","message":"onRequest - completionItem/resolve","timestamp":"2024-10-01T17:54:28.947Z"}
{"level":"info","message":"⌛ Validating cultivos.wlk","timeElapsed":130,"timestamp":"2024-10-01T17:54:29.077Z"}
{"level":"info","message":"onRequest - completionItem/resolve","timestamp":"2024-10-01T17:54:29.175Z"}
{"level":"info","message":"⌛ Building environment","timeElapsed":112,"timestamp":"2024-10-01T17:54:29.288Z"}
{"level":"info","message":"onRequest - completionItem/resolve","timestamp":"2024-10-01T17:54:29.304Z"}
{"level":"info","message":"⌛ Validating cultivos.wlk","timeElapsed":211,"timestamp":"2024-10-01T17:54:29.515Z"}
{"level":"info","message":"⌛ Building environment","timeElapsed":103,"timestamp":"2024-10-01T17:54:29.624Z"}
{"level":"info","message":"onRequest - completionItem/resolve","timestamp":"2024-10-01T17:54:29.625Z"}
{"level":"info","message":"⌛ Validating cultivos.wlk","timeElapsed":110,"timestamp":"2024-10-01T17:54:29.735Z"}
{"level":"info","message":"⌛ Building environment","timeElapsed":134,"timestamp":"2024-10-01T17:54:29.870Z"}
{"level":"info","message":"onRequest - completionItem/resolve","timestamp":"2024-10-01T17:54:29.870Z"}
{"level":"info","message":"⌛ Validating cultivos.wlk","timeElapsed":110,"timestamp":"2024-10-01T17:54:29.981Z"}
{"level":"info","message":"⌛ Validating cultivos.wlk","timeElapsed":115,"timestamp":"2024-10-01T17:54:30.101Z"}
{"level":"info","message":"⌛ Building environment","timeElapsed":128,"timestamp":"2024-10-01T17:54:30.231Z"}
{"level":"info","message":"onRequest - completionItem/resolve","timestamp":"2024-10-01T17:54:30.231Z"}
{"level":"info","message":"⌛ Validating cultivos.wlk","timeElapsed":160,"timestamp":"2024-10-01T17:54:30.391Z"}
{"level":"info","message":"⌛ Validating cultivos.wlk","timeElapsed":126,"timestamp":"2024-10-01T17:54:30.521Z"}
{"level":"info","message":"⌛ Validating cultivos.wlk","timeElapsed":107,"timestamp":"2024-10-01T17:54:30.734Z"}
{"level":"info","message":"⌛ Building environment","timeElapsed":166,"timestamp":"2024-10-01T17:54:35.793Z"}
{"level":"info","message":"⌛ Validating cultivos.wlk","timeElapsed":121,"timestamp":"2024-10-01T17:54:35.949Z"}
{"level":"info","message":"⌛ Building environment","timeElapsed":220,"timestamp":"2024-10-01T17:54:36.450Z"}
{"level":"info","message":"⌛ Validating cultivos.wlk","timeElapsed":131,"timestamp":"2024-10-01T17:54:36.684Z"}
{"level":"error","message":"✘ Completions for node failed: Error: [Send]{3ba520} at cultivos.wlk:18 exhausted all cases without a match [Send]{3ba520} at cultivos.wlk:18 exhausted all cases without a match","stack":"Error: [Send]{3ba520} at cultivos.wlk:18 exhausted all cases without a match\n    at /home/fran/.vscode/extensions/uqbar.wollok-lsp-ide-0.3.5/out/server/src/server.js:38:6067\n    at hh (/home/fran/.vscode/extensions/uqbar.wollok-lsp-ide-0.3.5/out/server/src/server.js:2281:42)\n    at vh (/home/fran/.vscode/extensions/uqbar.wollok-lsp-ide-0.3.5/out/server/src/server.js:2281:1004)\n    at F5n (/home/fran/.vscode/extensions/uqbar.wollok-lsp-ide-0.3.5/out/server/src/server.js:2281:1160)\n    at /home/fran/.vscode/extensions/uqbar.wollok-lsp-ide-0.3.5/out/server/src/server.js:38:6056\n    at hh (/home/fran/.vscode/extensions/uqbar.wollok-lsp-ide-0.3.5/out/server/src/server.js:2281:42)\n    at /home/fran/.vscode/extensions/uqbar.wollok-lsp-ide-0.3.5/out/server/src/server.js:2281:2700\n    at /home/fran/.vscode/extensions/uqbar.wollok-lsp-ide-0.3.5/out/server/src/server.js:2288:3774\n    at /home/fran/.vscode/extensions/uqbar.wollok-lsp-ide-0.3.5/out/server/src/server.js:37:74872\n    at Fe (/home/fran/.vscode/extensions/uqbar.wollok-lsp-ide-0.3.5/out/server/src/server.js:7:8527)","timestamp":"2024-10-01T17:54:36.754Z"}
{"level":"info","message":"⌛ Validating cultivos.wlk","timeElapsed":172,"timestamp":"2024-10-01T17:54:36.930Z"}
{"level":"info","message":"⌛ Building environment","timeElapsed":116,"timestamp":"2024-10-01T17:54:37.046Z"}
{"level":"info","message":"onRequest - completionItem/resolve","timestamp":"2024-10-01T17:54:37.053Z"}
{"level":"info","message":"⌛ Building environment","timeElapsed":163,"timestamp":"2024-10-01T17:54:37.217Z"}
{"level":"info","message":"onRequest - completionItem/resolve","timestamp":"2024-10-01T17:54:37.218Z"}
{"level":"info","message":"⌛ Validating cultivos.wlk","timeElapsed":220,"timestamp":"2024-10-01T17:54:37.438Z"}
{"level":"info","message":"onRequest - completionItem/resolve","timestamp":"2024-10-01T17:54:37.525Z"}
{"level":"info","message":"⌛ Building environment","timeElapsed":127,"timestamp":"2024-10-01T17:54:37.652Z"}
{"level":"info","message":"onRequest - completionItem/resolve","timestamp":"2024-10-01T17:54:37.652Z"}
{"level":"info","message":"⌛ Validating cultivos.wlk","timeElapsed":111,"timestamp":"2024-10-01T17:54:37.763Z"}
{"level":"info","message":"⌛ Building environment","timeElapsed":115,"timestamp":"2024-10-01T17:54:37.883Z"}
{"level":"info","message":"onRequest - completionItem/resolve","timestamp":"2024-10-01T17:54:37.883Z"}
{"level":"info","message":"⌛ Validating cultivos.wlk","timeElapsed":108,"timestamp":"2024-10-01T17:54:37.991Z"}
{"level":"info","message":"⌛ Validating cultivos.wlk","timeElapsed":163,"timestamp":"2024-10-01T17:54:38.155Z"}
{"level":"info","message":"⌛ Validating cultivos.wlk","timeElapsed":117,"timestamp":"2024-10-01T17:54:38.277Z"}
{"level":"info","message":"⌛ Building environment","timeElapsed":135,"timestamp":"2024-10-01T17:54:38.413Z"}
{"level":"info","message":"⌛ Validating cultivos.wlk","timeElapsed":108,"timestamp":"2024-10-01T17:54:38.522Z"}
{"level":"info","message":"⌛ Building environment","timeElapsed":190,"timestamp":"2024-10-01T17:54:43.747Z"}
{"level":"info","message":"⌛ Validating cultivos.wlk","timeElapsed":147,"timestamp":"2024-10-01T17:54:43.895Z"}
{"level":"info","message":"⌛ Building environment","timeElapsed":166,"timestamp":"2024-10-01T17:54:44.499Z"}
{"level":"info","message":"⌛ Building environment","timeElapsed":118,"timestamp":"2024-10-01T17:54:44.646Z"}
{"level":"info","message":"⌛ Validating cultivos.wlk","timeElapsed":102,"timestamp":"2024-10-01T17:54:44.748Z"}
{"level":"info","message":"onRequest - completionItem/resolve","timestamp":"2024-10-01T17:54:44.749Z"}
{"level":"info","message":"⌛ Building environment","timeElapsed":134,"timestamp":"2024-10-01T17:54:44.883Z"}
{"level":"info","message":"onRequest - completionItem/resolve","timestamp":"2024-10-01T17:54:44.884Z"}
{"level":"info","message":"⌛ Validating cultivos.wlk","timeElapsed":128,"timestamp":"2024-10-01T17:54:45.012Z"}
{"level":"info","message":"⌛ Building environment","timeElapsed":179,"timestamp":"2024-10-01T17:54:45.193Z"}
{"level":"info","message":"onRequest - completionItem/resolve","timestamp":"2024-10-01T17:54:45.195Z"}
{"level":"info","message":"⌛ Validating cultivos.wlk","timeElapsed":122,"timestamp":"2024-10-01T17:54:45.317Z"}
{"level":"info","message":"⌛ Building environment","timeElapsed":120,"timestamp":"2024-10-01T17:54:45.443Z"}
{"level":"info","message":"⌛ Validating cultivos.wlk","timeElapsed":215,"timestamp":"2024-10-01T17:54:45.689Z"}
{"level":"info","message":"⌛ Validating cultivos.wlk","timeElapsed":135,"timestamp":"2024-10-01T17:54:45.825Z"}
{"level":"info","message":"onRequest - completionItem/resolve","timestamp":"2024-10-01T17:54:45.825Z"}
{"level":"info","message":"⌛ Building environment","timeElapsed":110,"timestamp":"2024-10-01T17:54:45.935Z"}
{"level":"info","message":"onRequest - completionItem/resolve","timestamp":"2024-10-01T17:54:45.943Z"}
{"level":"info","message":"⌛ Validating cultivos.wlk","timeElapsed":126,"timestamp":"2024-10-01T17:54:46.069Z"}
{"level":"info","message":"⌛ Building environment","timeElapsed":253,"timestamp":"2024-10-01T17:54:46.350Z"}
{"level":"info","message":"onRequest - completionItem/resolve","timestamp":"2024-10-01T17:54:46.351Z"}
{"level":"info","message":"⌛ Building environment","timeElapsed":168,"timestamp":"2024-10-01T17:54:46.519Z"}
{"level":"info","message":"onRequest - completionItem/resolve","timestamp":"2024-10-01T17:54:46.520Z"}
{"level":"info","message":"⌛ Validating cultivos.wlk","timeElapsed":197,"timestamp":"2024-10-01T17:54:46.717Z"}
{"level":"info","message":"⌛ Building environment","timeElapsed":230,"timestamp":"2024-10-01T17:54:46.949Z"}
{"level":"info","message":"onRequest - completionItem/resolve","timestamp":"2024-10-01T17:54:46.968Z"}
{"level":"info","message":"⌛ Validating cultivos.wlk","timeElapsed":231,"timestamp":"2024-10-01T17:54:47.200Z"}
{"level":"info","message":"⌛ Building environment","timeElapsed":168,"timestamp":"2024-10-01T17:54:47.371Z"}
{"level":"info","message":"onRequest - completionItem/resolve","timestamp":"2024-10-01T17:54:47.372Z"}
{"level":"info","message":"⌛ Validating cultivos.wlk","timeElapsed":183,"timestamp":"2024-10-01T17:54:47.572Z"}
{"level":"info","message":"⌛ Validating cultivos.wlk","timeElapsed":228,"timestamp":"2024-10-01T17:54:47.801Z"}
{"level":"info","message":"⌛ Building environment","timeElapsed":180,"timestamp":"2024-10-01T17:54:47.994Z"}
{"level":"info","message":"⌛ Validating cultivos.wlk","timeElapsed":228,"timestamp":"2024-10-01T17:54:48.223Z"}
{"level":"info","message":"⌛ Validating cultivos.wlk","timeElapsed":114,"timestamp":"2024-10-01T17:54:50.414Z"}
{"level":"info","message":"⌛ Building environment","timeElapsed":129,"timestamp":"2024-10-01T17:55:51.682Z"}
{"level":"info","message":"⌛ Validating cultivos.wlk","timeElapsed":144,"timestamp":"2024-10-01T17:55:51.879Z"}
{"exitCode":"SIGHUP","level":"info","message":"👾 Game executed game.farmville on /home/fran/Documents/archivos-facu/2doCuatri2024/prog-con-objetosI/clase-9-clases-y-wollok-game/2024s2-granja-villa-franngo","timeElapsed":4296,"timestamp":"2024-10-01T17:56:18.387Z"}
{"exitCode":"SIGHUP","level":"info","message":"👾 Game executed game.farmville on /home/fran/Documents/archivos-facu/2doCuatri2024/prog-con-objetosI/clase-9-clases-y-wollok-game/2024s2-granja-villa-franngo","timeElapsed":40657,"timestamp":"2024-10-01T17:57:03.182Z"}
